# JRE version: Java(TM) SE Runtime Environment (8.0_231-b11) (build 1.8.0_231-b11)
# Java VM: Java HotSpot(TM) 64-Bit Server VM (25.231-b11 mixed mode windows-amd64 compressed oops)
Heap:
 PSYoungGen      total 137216K, used 86039K [0x00000000d5c00000, 0x00000000e4400000, 0x0000000100000000)
  eden space 128512K, 60% used [0x00000000d5c00000,0x00000000da789468,0x00000000dd980000)
  from space 8704K, 99% used [0x00000000dd980000,0x00000000de1fc958,0x00000000de200000)
  to   space 11776K, 0% used [0x00000000e3880000,0x00000000e3880000,0x00000000e4400000)
 ParOldGen       total 47104K, used 8785K [0x0000000081400000, 0x0000000084200000, 0x00000000d5c00000)
  object space 47104K, 18% used [0x0000000081400000,0x0000000081c944f0,0x0000000084200000)
 Metaspace       used 31518K, capacity 32976K, committed 33280K, reserved 1077248K
  class space    used 4186K, capacity 4487K, committed 4608K, reserved 1048576K
GC Heap History (10 events):
Event: 0.843 GC heap before
{Heap before GC invocations=4 (full 0):
 PSYoungGen      total 38400K, used 38392K [0x00000000d5c00000, 0x00000000da700000, 0x0000000100000000)
  eden space 33280K, 100% used [0x00000000d5c00000,0x00000000d7c80000,0x00000000d7c80000)
  from space 5120K, 99% used [0x00000000d7c80000,0x00000000d817e000,0x00000000d8180000)
  to   space 5120K, 0% used [0x00000000da200000,0x00000000da200000,0x00000000da700000)
 ParOldGen       total 87552K, used 1924K [0x0000000081400000, 0x0000000086980000, 0x00000000d5c00000)
  object space 87552K, 2% used [0x0000000081400000,0x00000000815e1138,0x0000000086980000)
 Metaspace       used 20472K, capacity 21046K, committed 21120K, reserved 1067008K
  class space    used 2712K, capacity 2898K, committed 2944K, reserved 1048576K
Event: 0.850 GC heap after
Heap after GC invocations=4 (full 0):
 PSYoungGen      total 71680K, used 5088K [0x00000000d5c00000, 0x00000000da700000, 0x0000000100000000)
  eden space 66560K, 0% used [0x00000000d5c00000,0x00000000d5c00000,0x00000000d9d00000)
  from space 5120K, 99% used [0x00000000da200000,0x00000000da6f8128,0x00000000da700000)
  to   space 5120K, 0% used [0x00000000d9d00000,0x00000000d9d00000,0x00000000da200000)
 ParOldGen       total 87552K, used 4751K [0x0000000081400000, 0x0000000086980000, 0x00000000d5c00000)
  object space 87552K, 5% used [0x0000000081400000,0x00000000818a3f50,0x0000000086980000)
 Metaspace       used 20472K, capacity 21046K, committed 21120K, reserved 1067008K
  class space    used 2712K, capacity 2898K, committed 2944K, reserved 1048576K
}
Event: 0.854 GC heap before
{Heap before GC invocations=5 (full 0):
 PSYoungGen      total 71680K, used 6548K [0x00000000d5c00000, 0x00000000da700000, 0x0000000100000000)
  eden space 66560K, 2% used [0x00000000d5c00000,0x00000000d5d6d1b8,0x00000000d9d00000)
  from space 5120K, 99% used [0x00000000da200000,0x00000000da6f8128,0x00000000da700000)
  to   space 5120K, 0% used [0x00000000d9d00000,0x00000000d9d00000,0x00000000da200000)
 ParOldGen       total 87552K, used 4751K [0x0000000081400000, 0x0000000086980000, 0x00000000d5c00000)
  object space 87552K, 5% used [0x0000000081400000,0x00000000818a3f50,0x0000000086980000)
 Metaspace       used 20740K, capacity 21282K, committed 21296K, reserved 1067008K
  class space    used 2748K, capacity 2932K, committed 2944K, reserved 1048576K
Event: 0.859 GC heap after
Heap after GC invocations=5 (full 0):
 PSYoungGen      total 71680K, used 4976K [0x00000000d5c00000, 0x00000000def00000, 0x0000000100000000)
  eden space 66560K, 0% used [0x00000000d5c00000,0x00000000d5c00000,0x00000000d9d00000)
  from space 5120K, 97% used [0x00000000d9d00000,0x00000000da1dc118,0x00000000da200000)
  to   space 8704K, 0% used [0x00000000de680000,0x00000000de680000,0x00000000def00000)
 ParOldGen       total 87552K, used 4759K [0x0000000081400000, 0x0000000086980000, 0x00000000d5c00000)
  object space 87552K, 5% used [0x0000000081400000,0x00000000818a5f50,0x0000000086980000)
 Metaspace       used 20740K, capacity 21282K, committed 21296K, reserved 1067008K
  class space    used 2748K, capacity 2932K, committed 2944K, reserved 1048576K
}
Event: 0.859 GC heap before
{Heap before GC invocations=6 (full 1):
 PSYoungGen      total 71680K, used 4976K [0x00000000d5c00000, 0x00000000def00000, 0x0000000100000000)
  eden space 66560K, 0% used [0x00000000d5c00000,0x00000000d5c00000,0x00000000d9d00000)
  from space 5120K, 97% used [0x00000000d9d00000,0x00000000da1dc118,0x00000000da200000)
  to   space 8704K, 0% used [0x00000000de680000,0x00000000de680000,0x00000000def00000)
 ParOldGen       total 87552K, used 4759K [0x0000000081400000, 0x0000000086980000, 0x00000000d5c00000)
  object space 87552K, 5% used [0x0000000081400000,0x00000000818a5f50,0x0000000086980000)
 Metaspace       used 20740K, capacity 21282K, committed 21296K, reserved 1067008K
  class space    used 2748K, capacity 2932K, committed 2944K, reserved 1048576K
Event: 0.886 GC heap after
Heap after GC invocations=6 (full 1):
 PSYoungGen      total 71680K, used 0K [0x00000000d5c00000, 0x00000000def00000, 0x0000000100000000)
  eden space 66560K, 0% used [0x00000000d5c00000,0x00000000d5c00000,0x00000000d9d00000)
  from space 5120K, 0% used [0x00000000d9d00000,0x00000000d9d00000,0x00000000da200000)
  to   space 8704K, 0% used [0x00000000de680000,0x00000000de680000,0x00000000def00000)
 ParOldGen       total 47104K, used 4988K [0x0000000081400000, 0x0000000084200000, 0x00000000d5c00000)
  object space 47104K, 10% used [0x0000000081400000,0x00000000818df2a8,0x0000000084200000)
 Metaspace       used 20740K, capacity 21282K, committed 21296K, reserved 1067008K
  class space    used 2748K, capacity 2932K, committed 2944K, reserved 1048576K
}
Event: 1.110 GC heap before
{Heap before GC invocations=7 (full 1):
 PSYoungGen      total 71680K, used 66560K [0x00000000d5c00000, 0x00000000def00000, 0x0000000100000000)
  eden space 66560K, 100% used [0x00000000d5c00000,0x00000000d9d00000,0x00000000d9d00000)
  from space 5120K, 0% used [0x00000000d9d00000,0x00000000d9d00000,0x00000000da200000)
  to   space 8704K, 0% used [0x00000000de680000,0x00000000de680000,0x00000000def00000)
 ParOldGen       total 47104K, used 4988K [0x0000000081400000, 0x0000000084200000, 0x00000000d5c00000)
  object space 47104K, 10% used [0x0000000081400000,0x00000000818df2a8,0x0000000084200000)
 Metaspace       used 22147K, capacity 22830K, committed 22912K, reserved 1069056K
  class space    used 2945K, capacity 3124K, committed 3200K, reserved 1048576K
Event: 1.114 GC heap after
Heap after GC invocations=7 (full 1):
 PSYoungGen      total 124928K, used 4035K [0x00000000d5c00000, 0x00000000dea80000, 0x0000000100000000)
  eden space 120832K, 0% used [0x00000000d5c00000,0x00000000d5c00000,0x00000000dd200000)
  from space 4096K, 98% used [0x00000000de680000,0x00000000dea70ff0,0x00000000dea80000)
  to   space 8704K, 0% used [0x00000000dd980000,0x00000000dd980000,0x00000000de200000)
 ParOldGen       total 47104K, used 5060K [0x0000000081400000, 0x0000000084200000, 0x00000000d5c00000)
  object space 47104K, 10% used [0x0000000081400000,0x00000000818f12b8,0x0000000084200000)
 Metaspace       used 22147K, capacity 22830K, committed 22912K, reserved 1069056K
  class space    used 2945K, capacity 3124K, committed 3200K, reserved 1048576K
}
Event: 1.769 GC heap before
{Heap before GC invocations=8 (full 1):
 PSYoungGen      total 124928K, used 124867K [0x00000000d5c00000, 0x00000000dea80000, 0x0000000100000000)
  eden space 120832K, 100% used [0x00000000d5c00000,0x00000000dd200000,0x00000000dd200000)
  from space 4096K, 98% used [0x00000000de680000,0x00000000dea70ff0,0x00000000dea80000)
  to   space 8704K, 0% used [0x00000000dd980000,0x00000000dd980000,0x00000000de200000)
 ParOldGen       total 47104K, used 5060K [0x0000000081400000, 0x0000000084200000, 0x00000000d5c00000)
  object space 47104K, 10% used [0x0000000081400000,0x00000000818f12b8,0x0000000084200000)
 Metaspace       used 28279K, capacity 29688K, committed 29952K, reserved 1075200K
  class space    used 3810K, capacity 4093K, committed 4096K, reserved 1048576K
Event: 1.779 GC heap after
Heap after GC invocations=8 (full 1):
 PSYoungGen      total 137216K, used 8690K [0x00000000d5c00000, 0x00000000e4400000, 0x0000000100000000)
  eden space 128512K, 0% used [0x00000000d5c00000,0x00000000d5c00000,0x00000000dd980000)
  from space 8704K, 99% used [0x00000000dd980000,0x00000000de1fc958,0x00000000de200000)
  to   space 11776K, 0% used [0x00000000e3880000,0x00000000e3880000,0x00000000e4400000)
 ParOldGen       total 47104K, used 8785K [0x0000000081400000, 0x0000000084200000, 0x00000000d5c00000)
  object space 47104K, 18% used [0x0000000081400000,0x0000000081c944f0,0x0000000084200000)
 Metaspace       used 28279K, capacity 29688K, committed 29952K, reserved 1075200K
  class space    used 3810K, capacity 4093K, committed 4096K, reserved 1048576K
}

