# JRE version: Java(TM) SE Runtime Environment (8.0_231-b11) (build 1.8.0_231-b11)
# Java VM: Java HotSpot(TM) 64-Bit Server VM (25.231-b11 mixed mode windows-amd64 compressed oops)
Heap:
 PSYoungGen      total 199680K, used 4826K [0x00000000d5c00000, 0x00000000e4680000, 0x0000000100000000)
  eden space 188416K, 2% used [0x00000000d5c00000,0x00000000d60b6ab0,0x00000000e1400000)
  from space 11264K, 0% used [0x00000000e2280000,0x00000000e2280000,0x00000000e2d80000)
  to   space 14848K, 0% used [0x00000000e1400000,0x00000000e1400000,0x00000000e2280000)
 ParOldGen       total 83968K, used 20234K [0x0000000081400000, 0x0000000086600000, 0x00000000d5c00000)
  object space 83968K, 24% used [0x0000000081400000,0x00000000827c2b30,0x0000000086600000)
 Metaspace       used 34573K, capacity 36092K, committed 36352K, reserved 1081344K
  class space    used 4523K, capacity 4853K, committed 4864K, reserved 1048576K
GC Heap History (10 events):
Event: 0.814 GC heap before
{Heap before GC invocations=6 (full 1):
 PSYoungGen      total 71680K, used 5106K [0x00000000d5c00000, 0x00000000def00000, 0x0000000100000000)
  eden space 66560K, 0% used [0x00000000d5c00000,0x00000000d5c00000,0x00000000d9d00000)
  from space 5120K, 99% used [0x00000000d9d00000,0x00000000da1fc8f8,0x00000000da200000)
  to   space 8704K, 0% used [0x00000000de680000,0x00000000de680000,0x00000000def00000)
 ParOldGen       total 87552K, used 4600K [0x0000000081400000, 0x0000000086980000, 0x00000000d5c00000)
  object space 87552K, 5% used [0x0000000081400000,0x000000008187e240,0x0000000086980000)
 Metaspace       used 20682K, capacity 21200K, committed 21296K, reserved 1067008K
  class space    used 2742K, capacity 2901K, committed 2944K, reserved 1048576K
Event: 0.840 GC heap after
Heap after GC invocations=6 (full 1):
 PSYoungGen      total 71680K, used 0K [0x00000000d5c00000, 0x00000000def00000, 0x0000000100000000)
  eden space 66560K, 0% used [0x00000000d5c00000,0x00000000d5c00000,0x00000000d9d00000)
  from space 5120K, 0% used [0x00000000d9d00000,0x00000000d9d00000,0x00000000da200000)
  to   space 8704K, 0% used [0x00000000de680000,0x00000000de680000,0x00000000def00000)
 ParOldGen       total 49664K, used 5059K [0x0000000081400000, 0x0000000084480000, 0x00000000d5c00000)
  object space 49664K, 10% used [0x0000000081400000,0x00000000818f0d10,0x0000000084480000)
 Metaspace       used 20682K, capacity 21200K, committed 21296K, reserved 1067008K
  class space    used 2742K, capacity 2901K, committed 2944K, reserved 1048576K
}
Event: 1.055 GC heap before
{Heap before GC invocations=7 (full 1):
 PSYoungGen      total 71680K, used 66560K [0x00000000d5c00000, 0x00000000def00000, 0x0000000100000000)
  eden space 66560K, 100% used [0x00000000d5c00000,0x00000000d9d00000,0x00000000d9d00000)
  from space 5120K, 0% used [0x00000000d9d00000,0x00000000d9d00000,0x00000000da200000)
  to   space 8704K, 0% used [0x00000000de680000,0x00000000de680000,0x00000000def00000)
 ParOldGen       total 49664K, used 5059K [0x0000000081400000, 0x0000000084480000, 0x00000000d5c00000)
  object space 49664K, 10% used [0x0000000081400000,0x00000000818f0d10,0x0000000084480000)
 Metaspace       used 22203K, capacity 23002K, committed 23168K, reserved 1069056K
  class space    used 2959K, capacity 3158K, committed 3200K, reserved 1048576K
Event: 1.059 GC heap after
Heap after GC invocations=7 (full 1):
 PSYoungGen      total 118784K, used 4061K [0x00000000d5c00000, 0x00000000dea80000, 0x0000000100000000)
  eden space 114688K, 0% used [0x00000000d5c00000,0x00000000d5c00000,0x00000000dcc00000)
  from space 4096K, 99% used [0x00000000de680000,0x00000000dea77740,0x00000000dea80000)
  to   space 8704K, 0% used [0x00000000dd980000,0x00000000dd980000,0x00000000de200000)
 ParOldGen       total 49664K, used 5131K [0x0000000081400000, 0x0000000084480000, 0x00000000d5c00000)
  object space 49664K, 10% used [0x0000000081400000,0x0000000081902d20,0x0000000084480000)
 Metaspace       used 22203K, capacity 23002K, committed 23168K, reserved 1069056K
  class space    used 2959K, capacity 3158K, committed 3200K, reserved 1048576K
}
Event: 1.689 GC heap before
{Heap before GC invocations=8 (full 1):
 PSYoungGen      total 118784K, used 118749K [0x00000000d5c00000, 0x00000000dea80000, 0x0000000100000000)
  eden space 114688K, 100% used [0x00000000d5c00000,0x00000000dcc00000,0x00000000dcc00000)
  from space 4096K, 99% used [0x00000000de680000,0x00000000dea77740,0x00000000dea80000)
  to   space 8704K, 0% used [0x00000000dd980000,0x00000000dd980000,0x00000000de200000)
 ParOldGen       total 49664K, used 5131K [0x0000000081400000, 0x0000000084480000, 0x00000000d5c00000)
  object space 49664K, 10% used [0x0000000081400000,0x0000000081902d20,0x0000000084480000)
 Metaspace       used 28235K, capacity 29624K, committed 29696K, reserved 1075200K
  class space    used 3806K, capacity 4093K, committed 4096K, reserved 1048576K
Event: 1.699 GC heap after
Heap after GC invocations=8 (full 1):
 PSYoungGen      total 137216K, used 8691K [0x00000000d5c00000, 0x00000000e2d80000, 0x0000000100000000)
  eden space 128512K, 0% used [0x00000000d5c00000,0x00000000d5c00000,0x00000000dd980000)
  from space 8704K, 99% used [0x00000000dd980000,0x00000000de1fccb0,0x00000000de200000)
  to   space 11264K, 0% used [0x00000000e2280000,0x00000000e2280000,0x00000000e2d80000)
 ParOldGen       total 49664K, used 8629K [0x0000000081400000, 0x0000000084480000, 0x00000000d5c00000)
  object space 49664K, 17% used [0x0000000081400000,0x0000000081c6d758,0x0000000084480000)
 Metaspace       used 28235K, capacity 29624K, committed 29696K, reserved 1075200K
  class space    used 3806K, capacity 4093K, committed 4096K, reserved 1048576K
}
Event: 2.203 GC heap before
{Heap before GC invocations=9 (full 1):
 PSYoungGen      total 137216K, used 106879K [0x00000000d5c00000, 0x00000000e2d80000, 0x0000000100000000)
  eden space 128512K, 76% used [0x00000000d5c00000,0x00000000dbbe31d8,0x00000000dd980000)
  from space 8704K, 99% used [0x00000000dd980000,0x00000000de1fccb0,0x00000000de200000)
  to   space 11264K, 0% used [0x00000000e2280000,0x00000000e2280000,0x00000000e2d80000)
 ParOldGen       total 49664K, used 8629K [0x0000000081400000, 0x0000000084480000, 0x00000000d5c00000)
  object space 49664K, 17% used [0x0000000081400000,0x0000000081c6d758,0x0000000084480000)
 Metaspace       used 33896K, capacity 35346K, committed 35496K, reserved 1079296K
  class space    used 4453K, capacity 4754K, committed 4864K, reserved 1048576K
Event: 2.217 GC heap after
Heap after GC invocations=9 (full 1):
 PSYoungGen      total 199680K, used 11254K [0x00000000d5c00000, 0x00000000e4680000, 0x0000000100000000)
  eden space 188416K, 0% used [0x00000000d5c00000,0x00000000d5c00000,0x00000000e1400000)
  from space 11264K, 99% used [0x00000000e2280000,0x00000000e2d7d950,0x00000000e2d80000)
  to   space 14848K, 0% used [0x00000000e1400000,0x00000000e1400000,0x00000000e2280000)
 ParOldGen       total 49664K, used 12882K [0x0000000081400000, 0x0000000084480000, 0x00000000d5c00000)
  object space 49664K, 25% used [0x0000000081400000,0x0000000082094938,0x0000000084480000)
 Metaspace       used 33896K, capacity 35346K, committed 35496K, reserved 1079296K
  class space    used 4453K, capacity 4754K, committed 4864K, reserved 1048576K
}
Event: 2.217 GC heap before
{Heap before GC invocations=10 (full 2):
 PSYoungGen      total 199680K, used 11254K [0x00000000d5c00000, 0x00000000e4680000, 0x0000000100000000)
  eden space 188416K, 0% used [0x00000000d5c00000,0x00000000d5c00000,0x00000000e1400000)
  from space 11264K, 99% used [0x00000000e2280000,0x00000000e2d7d950,0x00000000e2d80000)
  to   space 14848K, 0% used [0x00000000e1400000,0x00000000e1400000,0x00000000e2280000)
 ParOldGen       total 49664K, used 12882K [0x0000000081400000, 0x0000000084480000, 0x00000000d5c00000)
  object space 49664K, 25% used [0x0000000081400000,0x0000000082094938,0x0000000084480000)
 Metaspace       used 33896K, capacity 35346K, committed 35496K, reserved 1079296K
  class space    used 4453K, capacity 4754K, committed 4864K, reserved 1048576K
Event: 2.276 GC heap after
Heap after GC invocations=10 (full 2):
 PSYoungGen      total 199680K, used 0K [0x00000000d5c00000, 0x00000000e4680000, 0x0000000100000000)
  eden space 188416K, 0% used [0x00000000d5c00000,0x00000000d5c00000,0x00000000e1400000)
  from space 11264K, 0% used [0x00000000e2280000,0x00000000e2280000,0x00000000e2d80000)
  to   space 14848K, 0% used [0x00000000e1400000,0x00000000e1400000,0x00000000e2280000)
 ParOldGen       total 83968K, used 20234K [0x0000000081400000, 0x0000000086600000, 0x00000000d5c00000)
  object space 83968K, 24% used [0x0000000081400000,0x00000000827c2b30,0x0000000086600000)
 Metaspace       used 33896K, capacity 35346K, committed 35496K, reserved 1079296K
  class space    used 4453K, capacity 4754K, committed 4864K, reserved 1048576K
}

